New log file opened at Mon Mar 23 21:59:28 GMT 2015 by 6632@dns07
Taking next connection to: 58579
New client attempting to connect on port: 58580-58579
  Address = /192.168.0.22:58579
This client on port 58580 has uuid 3d39727b-a2ff-4912-94dc-3fe9ea68b5fb configName activator humanReadableName Activator protocolVersion 1 featureTags Vector()
Connected Clients: activator-3d39727b-a2ff-4912-94dc-3fe9ea68b5fb
Taking next connection to: 58579
New client attempting to connect on port: 58607-58579
  Address = /192.168.0.22:58579
Handshake exception on socket: 58607
sbt.impl.ipc.HandshakeException: Unable to perform handshake
	at sbt.impl.ipc.Peer.handshake(IPC.scala:46)
	at sbt.impl.ipc.MultiClientServer.<init>(IPC.scala:150)
	at sbt.server.SbtServerSocketHandler$$anon$1.run(SbtServerSocketHandler.scala:43)
Caused by: java.net.SocketException: Software caused connection abort: recv failed
	at java.net.SocketInputStream.socketRead0(Native Method)
	at java.net.SocketInputStream.read(SocketInputStream.java:152)
	at java.net.SocketInputStream.read(SocketInputStream.java:122)
	at java.io.BufferedInputStream.fill(BufferedInputStream.java:235)
	at java.io.BufferedInputStream.read(BufferedInputStream.java:254)
	at java.io.DataInputStream.readInt(DataInputStream.java:387)
	at sbt.impl.ipc.Peer.receive(IPC.scala:95)
	at sbt.impl.ipc.Peer.handshake(IPC.scala:49)
	... 2 more
Taking next connection to: 58579
New client attempting to connect on port: 58608-58579
  Address = /192.168.0.22:58579
This client on port 58608 has uuid a7a4a764-18a3-47a3-8110-98c5739158a8 configName play-fork-run humanReadableName Play Fork Run protocolVersion 1 featureTags Vector()
Connected Clients: activator-3d39727b-a2ff-4912-94dc-3fe9ea68b5fb, play-fork-run-a7a4a764-18a3-47a3-8110-98c5739158a8
Taking next connection to: 58579
Checking to see if clients are empty...
We have 1 non-daemon clients, continuing serving connections.
Taking next connection to: 58579
