New log file opened at Mon Mar 23 21:59:28 GMT 2015 by 6632@dns07
jvm 6632@dns07
jvm vmName=Java HotSpot(TM) 64-Bit Server VM vmVendor=Oracle Corporation vmVersion=24.51-b03
jvm specName=Java Virtual Machine Specification specVendor=Oracle Corporation specVersion=1.7
jvm arguments: [-Xms256m, -Xmx1024m, -XX:PermSize=64m, -XX:MaxPermSize=256m]
Starting event engine
Starting sbt command engine
Waiting for sbt command engine
Command engine arguments=List()
Command engine baseDirectory=C:\Users\peter\market-trader
Command engine initial remaining commands List(--initialize, onFailure load-failed, boot, server-send-ready-for-request, server-handle-next-server-request)
> --initialize
> initialize
> onFailure load-failed
> boot
> reload
[Loading] Scanning directory C:\Users\peter\market-trader\project
[Loading] Found non-root projects 
[Loading] Done in C:\Users\peter\market-trader\project, returning: ()
deducing auto plugins based on known facts Set(Atom(sbt.plugins.CorePlugin)) and clauses Clauses(List(Clause(Atom(sbt.plugins.JvmPlugin),Set(Atom(sbt.plugins.IvyPlugin))), Clause(Atom(sbt.plugins.JUnitXmlReportPlugin),Set(Atom(sbt.plugins.JvmPlugin))), Clause(Atom(sbt.plugins.CorePlugin),Set(Atom(sbt.plugins.IvyPlugin))), Clause(Atom(sbt.plugins.IvyPlugin),Set(Atom(sbt.plugins.JvmPlugin))), Clause(Atom(sbt.plugins.JvmPlugin),Set(Atom(sbt.plugins.JUnitXmlReportPlugin)))))
  :: deduced result: Matched(sbt.plugins.CorePlugin,sbt.plugins.IvyPlugin,sbt.plugins.JvmPlugin,sbt.plugins.JUnitXmlReportPlugin)
sorting: ns: List(sbt.plugins.CorePlugin, sbt.plugins.IvyPlugin, sbt.plugins.JvmPlugin, sbt.plugins.JUnitXmlReportPlugin)
  :: sorting:: found: List(sbt.plugins.CorePlugin) not found List(sbt.plugins.IvyPlugin, sbt.plugins.JvmPlugin, sbt.plugins.JUnitXmlReportPlugin)
  :: sorting:: found: List(sbt.plugins.CorePlugin, sbt.plugins.IvyPlugin) not found List(sbt.plugins.JvmPlugin, sbt.plugins.JUnitXmlReportPlugin)
  :: sorting:: found: List(sbt.plugins.CorePlugin, sbt.plugins.IvyPlugin, sbt.plugins.JvmPlugin) not found List(sbt.plugins.JUnitXmlReportPlugin)
  :: sorting:: found: List(sbt.plugins.CorePlugin, sbt.plugins.IvyPlugin, sbt.plugins.JvmPlugin, sbt.plugins.JUnitXmlReportPlugin) not found List()
  :: sorted deduced result: List(sbt.plugins.CorePlugin, sbt.plugins.IvyPlugin, sbt.plugins.JvmPlugin, sbt.plugins.JUnitXmlReportPlugin)
[Loading] Done in C:\Users\peter\market-trader\project, returning: (market-trader-build)
Loading project definition from C:\Users\peter\market-trader\project
Running task... Cancel: sbt.TaskCancellationStrategy$Null$@3360f6c5, check cycles: false

Initial source changes: 
	removed:Set()
	added: Set()
	modified: Set()
Removed products: Set()
External API changes: API Changes: Set()
Modified binary dependencies: Set()
Initial directly invalidated sources: Set()

Sources indirectly invalidated by:
	product: Set()
	binary dep: Set()
	external source: Set()
All initially invalidated sources: Set()

Copy resource mappings: 
	
[Loading] Scanning directory C:\Users\peter\market-trader
[Loading] Found root project root w/ remaining 
deducing auto plugins based on known facts Set(Atom(play.PlayScala), Atom(sbt.plugins.CorePlugin)) and clauses Clauses(List(Clause(Atom(sbt.plugins.JvmPlugin),Set(Atom(sbt.plugins.IvyPlugin))), Clause(Atom(sbt.plugins.JUnitXmlReportPlugin),Set(Atom(sbt.plugins.JvmPlugin))), Clause(Atom(play.sbt.forkrun.PlayForkRun),Set(Atom(sbt.plugins.BackgroundRunPlugin))), Clause(Atom(play.sbt.forkrun.PlayForkRun),Set(Atom(play.Play))), Clause(Atom(play.sbt.forkrun.PlayForkRun),Set(Atom(sbt.plugins.SerializersPlugin))), Clause(Atom(play.Play),Set(Atom(com.typesafe.sbt.webdriver.SbtWebDriver))), Clause(Atom(play.Play),Set(Atom(play.twirl.sbt.SbtTwirl))), Clause(Atom(play.Play),Set(Atom(com.typesafe.sbt.jse.SbtJsTask))), Clause(Atom(play.PlayJava),Set(Atom(play.Play))), Clause(Atom(play.PlayScala),Set(Atom(play.Play))), Clause(Atom(play.twirl.sbt.SbtTwirl),Set(Atom(sbt.plugins.JvmPlugin))), Clause(Atom(com.typesafe.sbt.jse.SbtJsEngine),Set(Atom(com.typesafe.sbt.web.SbtWeb))), Clause(Atom(com.typesafe.sbt.jse.SbtJsTask),Set(Atom(com.typesafe.sbt.jse.SbtJsEngine))), Clause(Atom(com.typesafe.sbt.webdriver.SbtWebDriver),Set(Atom(com.typesafe.sbt.web.SbtWeb))), Clause(Atom(sbt.plugins.BackgroundRunPlugin),Set(Atom(sbt.plugins.JvmPlugin))), Clause(Atom(com.typesafe.sbt.less.SbtLess),Set(Atom(com.typesafe.sbt.jse.SbtJsTask))), Clause(Atom(com.typesafe.sbt.coffeescript.SbtCoffeeScript),Set(Atom(com.typesafe.sbt.jse.SbtJsTask))), Clause(Atom(sbt.plugins.CorePlugin),Set(Atom(sbt.plugins.IvyPlugin))), Clause(Atom(sbt.plugins.IvyPlugin),Set(Atom(sbt.plugins.JvmPlugin))), Clause(Atom(sbt.plugins.JvmPlugin),Set(Atom(sbt.plugins.JUnitXmlReportPlugin))), Clause(And(Set(Atom(sbt.plugins.BackgroundRunPlugin), Atom(play.Play), Atom(sbt.plugins.SerializersPlugin))),Set(Atom(play.sbt.forkrun.PlayForkRun))), Clause(Atom(com.typesafe.sbt.web.SbtWeb),Set(Atom(com.typesafe.sbt.jse.SbtJsEngine))), Clause(Atom(com.typesafe.sbt.jse.SbtJsEngine),Set(Atom(com.typesafe.sbt.jse.SbtJsTask))), Clause(Atom(com.typesafe.sbt.web.SbtWeb),Set(Atom(com.typesafe.sbt.webdriver.SbtWebDriver))), Clause(Atom(sbt.plugins.JvmPlugin),Set(Atom(sbt.plugins.BackgroundRunPlugin))), Clause(Atom(sbt.plugins.CorePlugin),Set(Atom(sbt.plugins.InteractionServicePlugin))), Clause(Atom(sbt.plugins.CorePlugin),Set(Atom(sbt.plugins.SendEventServicePlugin))), Clause(Atom(sbt.plugins.CorePlugin),Set(Atom(sbt.plugins.SerializersPlugin))), Clause(Atom(com.typesafe.sbt.jse.SbtJsTask),Set(Atom(com.typesafe.sbt.less.SbtLess))), Clause(Atom(com.typesafe.sbt.jse.SbtJsTask),Set(Atom(com.typesafe.sbt.coffeescript.SbtCoffeeScript)))))
  :: deduced result: Matched(sbt.plugins.CorePlugin,play.PlayScala,sbt.plugins.InteractionServicePlugin,sbt.plugins.SendEventServicePlugin,play.Play,sbt.plugins.SerializersPlugin,sbt.plugins.IvyPlugin,sbt.plugins.JvmPlugin,com.typesafe.sbt.jse.SbtJsTask,play.twirl.sbt.SbtTwirl,com.typesafe.sbt.webdriver.SbtWebDriver,sbt.plugins.JUnitXmlReportPlugin,com.typesafe.sbt.less.SbtLess,com.typesafe.sbt.web.SbtWeb,com.typesafe.sbt.jse.SbtJsEngine,com.typesafe.sbt.coffeescript.SbtCoffeeScript,sbt.plugins.BackgroundRunPlugin,play.sbt.forkrun.PlayForkRun)
sorting: ns: List(sbt.plugins.CorePlugin, play.PlayScala, sbt.plugins.InteractionServicePlugin, sbt.plugins.SendEventServicePlugin, play.Play, sbt.plugins.SerializersPlugin, sbt.plugins.IvyPlugin, sbt.plugins.JvmPlugin, com.typesafe.sbt.jse.SbtJsTask, play.twirl.sbt.SbtTwirl, com.typesafe.sbt.webdriver.SbtWebDriver, sbt.plugins.JUnitXmlReportPlugin, com.typesafe.sbt.less.SbtLess, com.typesafe.sbt.web.SbtWeb, com.typesafe.sbt.jse.SbtJsEngine, com.typesafe.sbt.coffeescript.SbtCoffeeScript, sbt.plugins.BackgroundRunPlugin, play.sbt.forkrun.PlayForkRun)
  :: sorting:: found: List(sbt.plugins.CorePlugin, com.typesafe.sbt.web.SbtWeb) not found List(play.PlayScala, sbt.plugins.InteractionServicePlugin, sbt.plugins.SendEventServicePlugin, play.Play, sbt.plugins.SerializersPlugin, sbt.plugins.IvyPlugin, sbt.plugins.JvmPlugin, com.typesafe.sbt.jse.SbtJsTask, play.twirl.sbt.SbtTwirl, com.typesafe.sbt.webdriver.SbtWebDriver, sbt.plugins.JUnitXmlReportPlugin, com.typesafe.sbt.less.SbtLess, com.typesafe.sbt.jse.SbtJsEngine, com.typesafe.sbt.coffeescript.SbtCoffeeScript, sbt.plugins.BackgroundRunPlugin, play.sbt.forkrun.PlayForkRun)
  :: sorting:: found: List(sbt.plugins.CorePlugin, com.typesafe.sbt.web.SbtWeb, sbt.plugins.InteractionServicePlugin, sbt.plugins.SendEventServicePlugin, sbt.plugins.SerializersPlugin, sbt.plugins.IvyPlugin, com.typesafe.sbt.webdriver.SbtWebDriver, com.typesafe.sbt.jse.SbtJsEngine) not found List(play.PlayScala, play.Play, sbt.plugins.JvmPlugin, com.typesafe.sbt.jse.SbtJsTask, play.twirl.sbt.SbtTwirl, sbt.plugins.JUnitXmlReportPlugin, com.typesafe.sbt.less.SbtLess, com.typesafe.sbt.coffeescript.SbtCoffeeScript, sbt.plugins.BackgroundRunPlugin, play.sbt.forkrun.PlayForkRun)
  :: sorting:: found: List(sbt.plugins.CorePlugin, com.typesafe.sbt.web.SbtWeb, sbt.plugins.InteractionServicePlugin, sbt.plugins.SendEventServicePlugin, sbt.plugins.SerializersPlugin, sbt.plugins.IvyPlugin, com.typesafe.sbt.webdriver.SbtWebDriver, com.typesafe.sbt.jse.SbtJsEngine, sbt.plugins.JvmPlugin, com.typesafe.sbt.jse.SbtJsTask) not found List(play.PlayScala, play.Play, play.twirl.sbt.SbtTwirl, sbt.plugins.JUnitXmlReportPlugin, com.typesafe.sbt.less.SbtLess, com.typesafe.sbt.coffeescript.SbtCoffeeScript, sbt.plugins.BackgroundRunPlugin, play.sbt.forkrun.PlayForkRun)
  :: sorting:: found: List(sbt.plugins.CorePlugin, com.typesafe.sbt.web.SbtWeb, sbt.plugins.InteractionServicePlugin, sbt.plugins.SendEventServicePlugin, sbt.plugins.SerializersPlugin, sbt.plugins.IvyPlugin, com.typesafe.sbt.webdriver.SbtWebDriver, com.typesafe.sbt.jse.SbtJsEngine, sbt.plugins.JvmPlugin, com.typesafe.sbt.jse.SbtJsTask, play.twirl.sbt.SbtTwirl, sbt.plugins.JUnitXmlReportPlugin, com.typesafe.sbt.less.SbtLess, com.typesafe.sbt.coffeescript.SbtCoffeeScript, sbt.plugins.BackgroundRunPlugin) not found List(play.PlayScala, play.Play, play.sbt.forkrun.PlayForkRun)
  :: sorting:: found: List(sbt.plugins.CorePlugin, com.typesafe.sbt.web.SbtWeb, sbt.plugins.InteractionServicePlugin, sbt.plugins.SendEventServicePlugin, sbt.plugins.SerializersPlugin, sbt.plugins.IvyPlugin, com.typesafe.sbt.webdriver.SbtWebDriver, com.typesafe.sbt.jse.SbtJsEngine, sbt.plugins.JvmPlugin, com.typesafe.sbt.jse.SbtJsTask, play.twirl.sbt.SbtTwirl, sbt.plugins.JUnitXmlReportPlugin, com.typesafe.sbt.less.SbtLess, com.typesafe.sbt.coffeescript.SbtCoffeeScript, sbt.plugins.BackgroundRunPlugin, play.Play) not found List(play.PlayScala, play.sbt.forkrun.PlayForkRun)
  :: sorting:: found: List(sbt.plugins.CorePlugin, com.typesafe.sbt.web.SbtWeb, sbt.plugins.InteractionServicePlugin, sbt.plugins.SendEventServicePlugin, sbt.plugins.SerializersPlugin, sbt.plugins.IvyPlugin, com.typesafe.sbt.webdriver.SbtWebDriver, com.typesafe.sbt.jse.SbtJsEngine, sbt.plugins.JvmPlugin, com.typesafe.sbt.jse.SbtJsTask, play.twirl.sbt.SbtTwirl, sbt.plugins.JUnitXmlReportPlugin, com.typesafe.sbt.less.SbtLess, com.typesafe.sbt.coffeescript.SbtCoffeeScript, sbt.plugins.BackgroundRunPlugin, play.Play, play.PlayScala, play.sbt.forkrun.PlayForkRun) not found List()
  :: sorted deduced result: List(sbt.plugins.CorePlugin, com.typesafe.sbt.web.SbtWeb, sbt.plugins.InteractionServicePlugin, sbt.plugins.SendEventServicePlugin, sbt.plugins.SerializersPlugin, sbt.plugins.IvyPlugin, com.typesafe.sbt.webdriver.SbtWebDriver, com.typesafe.sbt.jse.SbtJsEngine, sbt.plugins.JvmPlugin, com.typesafe.sbt.jse.SbtJsTask, play.twirl.sbt.SbtTwirl, sbt.plugins.JUnitXmlReportPlugin, com.typesafe.sbt.less.SbtLess, com.typesafe.sbt.coffeescript.SbtCoffeeScript, sbt.plugins.BackgroundRunPlugin, play.Play, play.PlayScala, play.sbt.forkrun.PlayForkRun)
[Loading] Done in C:\Users\peter\market-trader, returning: (root)
Set current project to market-trader (in build file:/C:/Users/peter/market-trader/)
Reapplying settings...
Set current project to market-trader (in build file:/C:/Users/peter/market-trader/)
> iflast shell
> server-send-ready-for-request
> server-handle-next-server-request
> {file:/C:/Users/peter/market-trader/}root/compile:discoveredMainClasses
Evaluating tasks: compile:discoveredMainClasses
Running task... Cancel: sbt.server.ServerTaskCancellation@4438ab5c, check cycles: false

Initial source changes: 
	removed:Set()
	added: Set()
	modified: Set()
Removed products: Set()
External API changes: API Changes: Set()
Modified binary dependencies: Set()
Initial directly invalidated sources: Set()

Sources indirectly invalidated by:
	product: Set()
	binary dep: Set()
	external source: Set()
All initially invalidated sources: Set()

Total time: 1 s, completed 23-Mar-2015 21:59:35
> server-post-command-cleanup
> server-handle-next-server-request
> {file:/C:/Users/peter/market-trader/}root/compile:mainClass
Evaluating tasks: compile:mainClass
Running task... Cancel: sbt.server.ServerTaskCancellation@59d0f807, check cycles: false
Total time: 0 s, completed 23-Mar-2015 21:59:35
> server-post-command-cleanup
> server-handle-next-server-request
> {file:/C:/Users/peter/market-trader/}root/compile:discoveredMainClasses
Evaluating tasks: compile:discoveredMainClasses
Running task... Cancel: sbt.server.ServerTaskCancellation@7a726961, check cycles: false

Initial source changes: 
	removed:Set()
	added: Set()
	modified: Set()
Removed products: Set()
External API changes: API Changes: Set()
Modified binary dependencies: Set()
Initial directly invalidated sources: Set()

Sources indirectly invalidated by:
	product: Set()
	binary dep: Set()
	external source: Set()
All initially invalidated sources: Set()

Total time: 0 s, completed 23-Mar-2015 21:59:36
> server-post-command-cleanup
> server-handle-next-server-request
> {file:/C:/Users/peter/market-trader/}root/compile:mainClass
Evaluating tasks: compile:mainClass
Running task... Cancel: sbt.server.ServerTaskCancellation@2dacebae, check cycles: false
Total time: 0 s, completed 23-Mar-2015 21:59:36
> server-post-command-cleanup
> server-handle-next-server-request
> test
Evaluating tasks: test:test
Running task... Cancel: sbt.server.ServerTaskCancellation@184372b6, check cycles: false

Initial source changes: 
	removed:Set()
	added: Set()
	modified: Set()
Removed products: Set()
External API changes: API Changes: Set()
Modified binary dependencies: Set()
Initial directly invalidated sources: Set()

Sources indirectly invalidated by:
	product: Set()
	binary dep: Set()
	external source: Set()
All initially invalidated sources: Set()

Copy resource mappings: 
	(C:\Users\peter\market-trader\conf\application.conf,C:\Users\peter\market-trader\target\scala-2.11\classes\application.conf)
	(C:\Users\peter\market-trader\conf\routes,C:\Users\peter\market-trader\target\scala-2.11\classes\routes)

Initial source changes: 
	removed:Set()
	added: Set(C:\Users\peter\market-trader\test\controllers\TradeControllerSpec.scala, C:\Users\peter\market-trader\test\actors\TrendActorSpec.scala, C:\Users\peter\market-trader\test\actors\TradeActorSpec.scala, C:\Users\peter\market-trader\test\actors\StubOut.scala, C:\Users\peter\market-trader\test\actors\ProbeWrapper.scala, C:\Users\peter\market-trader\test\actors\TestkitExample.scala, C:\Users\peter\market-trader\test\controllers\TrendControllerTest.scala)
	modified: Set()
Removed products: Set()
External API changes: API Changes: Set()
Modified binary dependencies: Set()
Initial directly invalidated sources: Set(C:\Users\peter\market-trader\test\controllers\TradeControllerSpec.scala, C:\Users\peter\market-trader\test\actors\TrendActorSpec.scala, C:\Users\peter\market-trader\test\actors\TradeActorSpec.scala, C:\Users\peter\market-trader\test\actors\StubOut.scala, C:\Users\peter\market-trader\test\actors\ProbeWrapper.scala, C:\Users\peter\market-trader\test\actors\TestkitExample.scala, C:\Users\peter\market-trader\test\controllers\TrendControllerTest.scala)

Sources indirectly invalidated by:
	product: Set()
	binary dep: Set()
	external source: Set()
All initially invalidated sources: Set(C:\Users\peter\market-trader\test\controllers\TradeControllerSpec.scala, C:\Users\peter\market-trader\test\actors\TrendActorSpec.scala, C:\Users\peter\market-trader\test\actors\TradeActorSpec.scala, C:\Users\peter\market-trader\test\actors\StubOut.scala, C:\Users\peter\market-trader\test\actors\ProbeWrapper.scala, C:\Users\peter\market-trader\test\actors\TestkitExample.scala, C:\Users\peter\market-trader\test\controllers\TrendControllerTest.scala)

Recompiling all 7 sources: invalidated sources (7) exceeded 50.0% of all sources
Read from stdout: Compiling 7 Scala sources to C:\Users\peter\market-trader\target\scala-2.11\test-classes...
Compiling 7 Scala sources to C:\Users\peter\market-trader\target\scala-2.11\test-classes...
Getting compiler-interface from component compiler for Scala 2.11.5
Other repositories:
Default repositories:
Getting compiler-interface from component compiler for Scala 2.11.5
Other repositories:
Default repositories:
Running cached compiler 2d773a4d, interfacing (CompilerInterface) with Scala compiler version 2.11.5
Calling Scala compiler with arguments  (CompilerInterface):
	-deprecation
	-unchecked
	-encoding
	utf8
	-bootclasspath
	C:\dev\jdks\jdk1.7.0_51\jre\lib\resources.jar;C:\dev\jdks\jdk1.7.0_51\jre\lib\rt.jar;C:\dev\jdks\jdk1.7.0_51\jre\lib\sunrsasign.jar;C:\dev\jdks\jdk1.7.0_51\jre\lib\jsse.jar;C:\dev\jdks\jdk1.7.0_51\jre\lib\jce.jar;C:\dev\jdks\jdk1.7.0_51\jre\lib\charsets.jar;C:\dev\jdks\jdk1.7.0_51\jre\lib\jfr.jar;C:\dev\jdks\jdk1.7.0_51\jre\classes;C:\Users\peter\.ivy2\cache\org.scala-lang\scala-library\jars\scala-library-2.11.5.jar
	-classpath
	C:\Users\peter\market-trader\target\scala-2.11\test-classes;C:\Users\peter\market-trader\target\scala-2.11\classes;C:\Users\peter\.ivy2\cache\com.typesafe.play\twirl-api_2.11\jars\twirl-api_2.11-1.0.2.jar;C:\Users\peter\.ivy2\cache\org.apache.commons\commons-lang3\jars\commons-lang3-3.1.jar;C:\Users\peter\.ivy2\cache\org.scala-lang.modules\scala-xml_2.11\bundles\scala-xml_2.11-1.0.1.jar;C:\Users\peter\.ivy2\cache\com.typesafe.play\play_2.11\jars\play_2.11-2.3.8.jar;C:\Users\peter\.ivy2\cache\com.typesafe.play\build-link\jars\build-link-2.3.8.jar;C:\Users\peter\.ivy2\cache\com.typesafe.play\play-exceptions\jars\play-exceptions-2.3.8.jar;C:\Users\peter\.ivy2\cache\org.javassist\javassist\bundles\javassist-3.18.2-GA.jar;C:\Users\peter\.ivy2\cache\com.typesafe.play\play-iteratees_2.11\jars\play-iteratees_2.11-2.3.8.jar;C:\Users\peter\.ivy2\cache\org.scala-stm\scala-stm_2.11\jars\scala-stm_2.11-0.7.jar;C:\Users\peter\.ivy2\cache\com.typesafe\config\bundles\config-1.2.1.jar;C:\Users\peter\.ivy2\cache\com.typesafe.play\play-json_2.11\jars\play-json_2.11-2.3.8.jar;C:\Users\peter\.ivy2\cache\com.typesafe.play\play-functional_2.11\jars\play-functional_2.11-2.3.8.jar;C:\Users\peter\.ivy2\cache\com.typesafe.play\play-datacommons_2.11\jars\play-datacommons_2.11-2.3.8.jar;C:\Users\peter\.ivy2\cache\joda-time\joda-time\jars\joda-time-2.3.jar;C:\Users\peter\.ivy2\cache\org.joda\joda-convert\jars\joda-convert-1.6.jar;C:\Users\peter\.ivy2\cache\com.fasterxml.jackson.core\jackson-annotations\bundles\jackson-annotations-2.3.2.jar;C:\Users\peter\.ivy2\cache\com.fasterxml.jackson.core\jackson-core\bundles\jackson-core-2.3.2.jar;C:\Users\peter\.ivy2\cache\com.fasterxml.jackson.core\jackson-databind\bundles\jackson-databind-2.3.2.jar;C:\dev\activator-1.3.2\repository\org.scala-lang\scala-reflect\2.11.1\jars\scala-reflect.jar;C:\Users\peter\.ivy2\cache\org.scala-lang.modules\scala-parser-combinators_2.11\bundles\scala-parser-combinators_2.11-1.0.1.jar;C:\Users\peter\.ivy2\cache\io.netty\netty\bundles\netty-3.9.3.Final.jar;C:\Users\peter\.ivy2\cache\com.typesafe.netty\netty-http-pipelining\jars\netty-http-pipelining-1.1.2.jar;C:\Users\peter\.ivy2\cache\org.slf4j\slf4j-api\jars\slf4j-api-1.7.6.jar;C:\Users\peter\.ivy2\cache\org.slf4j\jul-to-slf4j\jars\jul-to-slf4j-1.7.6.jar;C:\Users\peter\.ivy2\cache\org.slf4j\jcl-over-slf4j\jars\jcl-over-slf4j-1.7.6.jar;C:\Users\peter\.ivy2\cache\ch.qos.logback\logback-core\jars\logback-core-1.1.1.jar;C:\Users\peter\.ivy2\cache\ch.qos.logback\logback-classic\jars\logback-classic-1.1.1.jar;C:\Users\peter\.ivy2\cache\com.typesafe.akka\akka-actor_2.11\jars\akka-actor_2.11-2.3.9.jar;C:\Users\peter\.ivy2\cache\com.typesafe.akka\akka-slf4j_2.11\jars\akka-slf4j_2.11-2.3.9.jar;C:\Users\peter\.ivy2\cache\commons-codec\commons-codec\jars\commons-codec-1.9.jar;C:\Users\peter\.ivy2\cache\xerces\xercesImpl\jars\xercesImpl-2.11.0.jar;C:\Users\peter\.ivy2\cache\xml-apis\xml-apis\jars\xml-apis-1.4.01.jar;C:\Users\peter\.ivy2\cache\javax.transaction\jta\jars\jta-1.1.jar;C:\Users\peter\.ivy2\cache\com.typesafe.play\play-ws_2.11\jars\play-ws_2.11-2.3.8.jar;C:\Users\peter\.ivy2\cache\com.google.guava\guava\bundles\guava-16.0.1.jar;C:\Users\peter\.ivy2\cache\com.ning\async-http-client\jars\async-http-client-1.8.15.jar;C:\Users\peter\.ivy2\cache\oauth.signpost\signpost-core\jars\signpost-core-1.2.1.2.jar;C:\Users\peter\.ivy2\cache\oauth.signpost\signpost-commonshttp4\jars\signpost-commonshttp4-1.2.1.2.jar;C:\dev\activator-1.3.2\repository\org.webjars\bootstrap\3.0.0\jars\bootstrap.jar;C:\dev\activator-1.3.2\repository\org.webjars\jquery\1.9.0\jars\jquery.jar;C:\dev\activator-1.3.2\repository\org.webjars\flot\0.8.0\jars\flot.jar;C:\dev\activator-1.3.2\repository\org.webjars\jquery-colorhelpers\1.1\jars\jquery-colorhelpers.jar;C:\dev\activator-1.3.2\repository\org.webjars\explorercanvas\r3\jars\explorercanvas.jar;C:\dev\activator-1.3.2\repository\com.typesafe.play\play-test_2.11\2.3.8\jars\play-test_2.11.jar;C:\dev\activator-1.3.2\repository\junit\junit\4.11\jars\junit.jar;C:\dev\activator-1.3.2\repository\org.hamcrest\hamcrest-core\1.3\jars\hamcrest-core.jar;C:\dev\activator-1.3.2\repository\org.specs2\specs2-core_2.11\2.3.12\jars\specs2-core_2.11.jar;C:\dev\activator-1.3.2\repository\org.specs2\specs2-matcher_2.11\2.3.12\jars\specs2-matcher_2.11.jar;C:\dev\activator-1.3.2\repository\org.specs2\specs2-common_2.11\2.3.12\jars\specs2-common_2.11.jar;C:\dev\activator-1.3.2\repository\org.scalaz\scalaz-core_2.11\7.0.6\bundles\scalaz-core_2.11.jar;C:\dev\activator-1.3.2\repository\org.scalaz\scalaz-concurrent_2.11\7.0.6\bundles\scalaz-concurrent_2.11.jar;C:\dev\activator-1.3.2\repository\org.scalaz\scalaz-effect_2.11\7.0.6\bundles\scalaz-effect_2.11.jar;C:\dev\activator-1.3.2\repository\org.specs2\specs2-junit_2.11\2.3.12\jars\specs2-junit_2.11.jar;C:\dev\activator-1.3.2\repository\org.specs2\specs2-mock_2.11\2.3.12\jars\specs2-mock_2.11.jar;C:\dev\activator-1.3.2\repository\org.mockito\mockito-core\1.9.5\jars\mockito-core.jar;C:\dev\activator-1.3.2\repository\org.objenesis\objenesis\1.0\jars\objenesis.jar;C:\dev\activator-1.3.2\repository\org.specs2\specs2-matcher-extra_2.11\2.3.12\jars\specs2-matcher-extra_2.11.jar;C:\dev\activator-1.3.2\repository\org.specs2\specs2-analysis_2.11\2.3.12\jars\specs2-analysis_2.11.jar;C:\dev\activator-1.3.2\repository\org.scala-lang\scala-compiler\2.11.0\jars\scala-compiler.jar;C:\dev\activator-1.3.2\repository\org.specs2\classycle\1.4.3\jars\classycle.jar;C:\dev\activator-1.3.2\repository\com.novocode\junit-interface\0.11-RC1\jars\junit-interface.jar;C:\Users\peter\.ivy2\cache\org.scala-sbt\test-interface\jars\test-interface-1.0.jar;C:\dev\activator-1.3.2\repository\com.google.code.findbugs\jsr305\2.0.3\jars\jsr305.jar;C:\dev\activator-1.3.2\repository\org.fluentlenium\fluentlenium-festassert\0.9.2\jars\fluentlenium-festassert.jar;C:\dev\activator-1.3.2\repository\org.fluentlenium\fluentlenium-core\0.9.2\jars\fluentlenium-core.jar;C:\dev\activator-1.3.2\repository\org.seleniumhq.selenium\selenium-java\2.39.0\jars\selenium-java.jar;C:\dev\activator-1.3.2\repository\org.seleniumhq.selenium\selenium-android-driver\2.39.0\jars\selenium-android-driver.jar;C:\dev\activator-1.3.2\repository\org.seleniumhq.selenium\selenium-remote-driver\2.39.0\jars\selenium-remote-driver.jar;C:\dev\activator-1.3.2\repository\cglib\cglib-nodep\2.1_3\jars\cglib-nodep.jar;C:\dev\activator-1.3.2\repository\org.json\json\20080701\jars\json.jar;C:\dev\activator-1.3.2\repository\org.seleniumhq.selenium\selenium-api\2.39.0\jars\selenium-api.jar;C:\dev\activator-1.3.2\repository\org.apache.httpcomponents\httpclient\4.3.1\jars\httpclient.jar;C:\dev\activator-1.3.2\repository\org.apache.httpcomponents\httpcore\4.3\jars\httpcore.jar;C:\dev\activator-1.3.2\repository\commons-logging\commons-logging\1.1.3\jars\commons-logging.jar;C:\dev\activator-1.3.2\repository\org.apache.commons\commons-exec\1.1\jars\commons-exec.jar;C:\dev\activator-1.3.2\repository\net.java.dev.jna\jna\3.4.0\jars\jna.jar;C:\dev\activator-1.3.2\repository\net.java.dev.jna\platform\3.4.0\jars\platform.jar;C:\dev\activator-1.3.2\repository\org.seleniumhq.selenium\selenium-chrome-driver\2.39.0\jars\selenium-chrome-driver.jar;C:\dev\activator-1.3.2\repository\org.seleniumhq.selenium\selenium-htmlunit-driver\2.39.0\jars\selenium-htmlunit-driver.jar;C:\dev\activator-1.3.2\repository\net.sourceforge.htmlunit\htmlunit\2.13\jars\htmlunit.jar;C:\dev\activator-1.3.2\repository\xalan\xalan\2.7.1\jars\xalan.jar;C:\dev\activator-1.3.2\repository\xalan\serializer\2.7.1\jars\serializer.jar;C:\dev\activator-1.3.2\repository\commons-collections\commons-collections\3.2.1\jars\commons-collections.jar;C:\dev\activator-1.3.2\repository\org.apache.httpcomponents\httpmime\4.3.1\jars\httpmime.jar;C:\dev\activator-1.3.2\repository\net.sourceforge.htmlunit\htmlunit-core-js\2.13\jars\htmlunit-core-js.jar;C:\dev\activator-1.3.2\repository\net.sourceforge.nekohtml\nekohtml\1.9.19\jars\nekohtml.jar;C:\dev\activator-1.3.2\repository\net.sourceforge.cssparser\cssparser\0.9.11\jars\cssparser.jar;C:\dev\activator-1.3.2\repository\org.w3c.css\sac\1.3\jars\sac.jar;C:\dev\activator-1.3.2\repository\commons-io\commons-io\2.2\jars\commons-io.jar;C:\dev\activator-1.3.2\repository\org.eclipse.jetty\jetty-websocket\8.1.12.v20130726\jars\jetty-websocket.jar;C:\dev\activator-1.3.2\repository\org.eclipse.jetty\jetty-util\8.1.12.v20130726\jars\jetty-util.jar;C:\dev\activator-1.3.2\repository\org.eclipse.jetty\jetty-io\8.1.12.v20130726\jars\jetty-io.jar;C:\dev\activator-1.3.2\repository\org.eclipse.jetty\jetty-http\8.1.12.v20130726\jars\jetty-http.jar;C:\dev\activator-1.3.2\repository\org.seleniumhq.selenium\selenium-firefox-driver\2.39.0\jars\selenium-firefox-driver.jar;C:\dev\activator-1.3.2\repository\org.seleniumhq.selenium\selenium-ie-driver\2.39.0\jars\selenium-ie-driver.jar;C:\dev\activator-1.3.2\repository\org.seleniumhq.selenium\selenium-iphone-driver\2.39.0\jars\selenium-iphone-driver.jar;C:\dev\activator-1.3.2\repository\org.seleniumhq.selenium\selenium-safari-driver\2.39.0\jars\selenium-safari-driver.jar;C:\dev\activator-1.3.2\repository\org.webbitserver\webbit\0.4.14\jars\webbit.jar;C:\dev\activator-1.3.2\repository\org.seleniumhq.selenium\selenium-support\2.39.0\jars\selenium-support.jar;C:\dev\activator-1.3.2\repository\org.easytesting\fest-assert\1.4\jars\fest-assert.jar;C:\dev\activator-1.3.2\repository\org.easytesting\fest-util\1.1.6\jars\fest-util.jar;C:\dev\activator-1.3.2\repository\com.typesafe.akka\akka-testkit_2.11\2.3.9\jars\akka-testkit_2.11.jar
Read from stdout: C:\Users\peter\market-trader\test\controllers\TradeControllerSpec.scala:18: not found: type Application
C:\Users\peter\market-trader\test\controllers\TradeControllerSpec.scala:18: not found: type Application
Read from stdout: val unit = new Application()
  val unit = new Application()
Read from stdout: ^
                 ^
Read from stdout: one error found
one error found
Compilation failed (CompilerInterface)
Read from stdout: LESS compiling on 1 source(s)
LESS compiling on 1 source(s)
Read from stdout: (test:compileIncremental) Compilation failed
(test:compileIncremental) Compilation failed
Total time: 13 s, completed 23-Mar-2015 21:59:53
> server-post-command-error-handler
> server-post-command-cleanup
> server-handle-next-server-request
> compile
Evaluating tasks: compile:compile
Running task... Cancel: sbt.server.ServerTaskCancellation@466f5b61, check cycles: false

Initial source changes: 
	removed:Set()
	added: Set()
	modified: Set()
Removed products: Set()
External API changes: API Changes: Set()
Modified binary dependencies: Set()
Initial directly invalidated sources: Set()

Sources indirectly invalidated by:
	product: Set()
	binary dep: Set()
	external source: Set()
All initially invalidated sources: Set()

Total time: 0 s, completed 23-Mar-2015 22:00:27
> server-post-command-cleanup
> server-handle-next-server-request
> compile
Evaluating tasks: compile:compile
Running task... Cancel: sbt.server.ServerTaskCancellation@71dd20e, check cycles: false

Initial source changes: 
	removed:Set()
	added: Set()
	modified: Set()
Removed products: Set()
External API changes: API Changes: Set()
Modified binary dependencies: Set()
Initial directly invalidated sources: Set()

Sources indirectly invalidated by:
	product: Set()
	binary dep: Set()
	external source: Set()
All initially invalidated sources: Set()

Total time: 0 s, completed 23-Mar-2015 22:00:49
> server-post-command-cleanup
> server-handle-next-server-request
> compile
Evaluating tasks: compile:compile
Running task... Cancel: sbt.server.ServerTaskCancellation@190e5f99, check cycles: false

Initial source changes: 
	removed:Set()
	added: Set()
	modified: Set()
Removed products: Set()
External API changes: API Changes: Set()
Modified binary dependencies: Set()
Initial directly invalidated sources: Set()

Sources indirectly invalidated by:
	product: Set()
	binary dep: Set()
	external source: Set()
All initially invalidated sources: Set()

Total time: 1 s, completed 23-Mar-2015 22:00:57
> server-post-command-cleanup
> server-handle-next-server-request
> test
Evaluating tasks: test:test
Running task... Cancel: sbt.server.ServerTaskCancellation@4b2f0455, check cycles: false

Initial source changes: 
	removed:Set()
	added: Set()
	modified: Set()
Removed products: Set()
External API changes: API Changes: Set()
Modified binary dependencies: Set()
Initial directly invalidated sources: Set()

Sources indirectly invalidated by:
	product: Set()
	binary dep: Set()
	external source: Set()
All initially invalidated sources: Set()

Copy resource mappings: 
	(C:\Users\peter\market-trader\conf\application.conf,C:\Users\peter\market-trader\target\scala-2.11\classes\application.conf)
	(C:\Users\peter\market-trader\conf\routes,C:\Users\peter\market-trader\target\scala-2.11\classes\routes)

Initial source changes: 
	removed:Set()
	added: Set(C:\Users\peter\market-trader\test\controllers\TradeControllerSpec.scala, C:\Users\peter\market-trader\test\actors\TrendActorSpec.scala, C:\Users\peter\market-trader\test\actors\TradeActorSpec.scala, C:\Users\peter\market-trader\test\actors\StubOut.scala, C:\Users\peter\market-trader\test\actors\ProbeWrapper.scala, C:\Users\peter\market-trader\test\actors\TestkitExample.scala, C:\Users\peter\market-trader\test\controllers\TrendControllerTest.scala)
	modified: Set()
Removed products: Set()
External API changes: API Changes: Set()
Modified binary dependencies: Set()
Initial directly invalidated sources: Set(C:\Users\peter\market-trader\test\controllers\TradeControllerSpec.scala, C:\Users\peter\market-trader\test\actors\TrendActorSpec.scala, C:\Users\peter\market-trader\test\actors\TradeActorSpec.scala, C:\Users\peter\market-trader\test\actors\StubOut.scala, C:\Users\peter\market-trader\test\actors\ProbeWrapper.scala, C:\Users\peter\market-trader\test\actors\TestkitExample.scala, C:\Users\peter\market-trader\test\controllers\TrendControllerTest.scala)

Sources indirectly invalidated by:
	product: Set()
	binary dep: Set()
	external source: Set()
All initially invalidated sources: Set(C:\Users\peter\market-trader\test\controllers\TradeControllerSpec.scala, C:\Users\peter\market-trader\test\actors\TrendActorSpec.scala, C:\Users\peter\market-trader\test\actors\TradeActorSpec.scala, C:\Users\peter\market-trader\test\actors\StubOut.scala, C:\Users\peter\market-trader\test\actors\ProbeWrapper.scala, C:\Users\peter\market-trader\test\actors\TestkitExample.scala, C:\Users\peter\market-trader\test\controllers\TrendControllerTest.scala)

Recompiling all 7 sources: invalidated sources (7) exceeded 50.0% of all sources
Read from stdout: Compiling 7 Scala sources to C:\Users\peter\market-trader\target\scala-2.11\test-classes...
Compiling 7 Scala sources to C:\Users\peter\market-trader\target\scala-2.11\test-classes...
Getting compiler-interface from component compiler for Scala 2.11.5
Other repositories:
Default repositories:
Getting compiler-interface from component compiler for Scala 2.11.5
Other repositories:
Default repositories:
Running cached compiler 7c60c574, interfacing (CompilerInterface) with Scala compiler version 2.11.5
Calling Scala compiler with arguments  (CompilerInterface):
	-deprecation
	-unchecked
	-encoding
	utf8
	-bootclasspath
	C:\dev\jdks\jdk1.7.0_51\jre\lib\resources.jar;C:\dev\jdks\jdk1.7.0_51\jre\lib\rt.jar;C:\dev\jdks\jdk1.7.0_51\jre\lib\sunrsasign.jar;C:\dev\jdks\jdk1.7.0_51\jre\lib\jsse.jar;C:\dev\jdks\jdk1.7.0_51\jre\lib\jce.jar;C:\dev\jdks\jdk1.7.0_51\jre\lib\charsets.jar;C:\dev\jdks\jdk1.7.0_51\jre\lib\jfr.jar;C:\dev\jdks\jdk1.7.0_51\jre\classes;C:\Users\peter\.ivy2\cache\org.scala-lang\scala-library\jars\scala-library-2.11.5.jar
	-classpath
	C:\Users\peter\market-trader\target\scala-2.11\test-classes;C:\Users\peter\market-trader\target\scala-2.11\classes;C:\Users\peter\.ivy2\cache\com.typesafe.play\twirl-api_2.11\jars\twirl-api_2.11-1.0.2.jar;C:\Users\peter\.ivy2\cache\org.apache.commons\commons-lang3\jars\commons-lang3-3.1.jar;C:\Users\peter\.ivy2\cache\org.scala-lang.modules\scala-xml_2.11\bundles\scala-xml_2.11-1.0.1.jar;C:\Users\peter\.ivy2\cache\com.typesafe.play\play_2.11\jars\play_2.11-2.3.8.jar;C:\Users\peter\.ivy2\cache\com.typesafe.play\build-link\jars\build-link-2.3.8.jar;C:\Users\peter\.ivy2\cache\com.typesafe.play\play-exceptions\jars\play-exceptions-2.3.8.jar;C:\Users\peter\.ivy2\cache\org.javassist\javassist\bundles\javassist-3.18.2-GA.jar;C:\Users\peter\.ivy2\cache\com.typesafe.play\play-iteratees_2.11\jars\play-iteratees_2.11-2.3.8.jar;C:\Users\peter\.ivy2\cache\org.scala-stm\scala-stm_2.11\jars\scala-stm_2.11-0.7.jar;C:\Users\peter\.ivy2\cache\com.typesafe\config\bundles\config-1.2.1.jar;C:\Users\peter\.ivy2\cache\com.typesafe.play\play-json_2.11\jars\play-json_2.11-2.3.8.jar;C:\Users\peter\.ivy2\cache\com.typesafe.play\play-functional_2.11\jars\play-functional_2.11-2.3.8.jar;C:\Users\peter\.ivy2\cache\com.typesafe.play\play-datacommons_2.11\jars\play-datacommons_2.11-2.3.8.jar;C:\Users\peter\.ivy2\cache\joda-time\joda-time\jars\joda-time-2.3.jar;C:\Users\peter\.ivy2\cache\org.joda\joda-convert\jars\joda-convert-1.6.jar;C:\Users\peter\.ivy2\cache\com.fasterxml.jackson.core\jackson-annotations\bundles\jackson-annotations-2.3.2.jar;C:\Users\peter\.ivy2\cache\com.fasterxml.jackson.core\jackson-core\bundles\jackson-core-2.3.2.jar;C:\Users\peter\.ivy2\cache\com.fasterxml.jackson.core\jackson-databind\bundles\jackson-databind-2.3.2.jar;C:\dev\activator-1.3.2\repository\org.scala-lang\scala-reflect\2.11.1\jars\scala-reflect.jar;C:\Users\peter\.ivy2\cache\org.scala-lang.modules\scala-parser-combinators_2.11\bundles\scala-parser-combinators_2.11-1.0.1.jar;C:\Users\peter\.ivy2\cache\io.netty\netty\bundles\netty-3.9.3.Final.jar;C:\Users\peter\.ivy2\cache\com.typesafe.netty\netty-http-pipelining\jars\netty-http-pipelining-1.1.2.jar;C:\Users\peter\.ivy2\cache\org.slf4j\slf4j-api\jars\slf4j-api-1.7.6.jar;C:\Users\peter\.ivy2\cache\org.slf4j\jul-to-slf4j\jars\jul-to-slf4j-1.7.6.jar;C:\Users\peter\.ivy2\cache\org.slf4j\jcl-over-slf4j\jars\jcl-over-slf4j-1.7.6.jar;C:\Users\peter\.ivy2\cache\ch.qos.logback\logback-core\jars\logback-core-1.1.1.jar;C:\Users\peter\.ivy2\cache\ch.qos.logback\logback-classic\jars\logback-classic-1.1.1.jar;C:\Users\peter\.ivy2\cache\com.typesafe.akka\akka-actor_2.11\jars\akka-actor_2.11-2.3.9.jar;C:\Users\peter\.ivy2\cache\com.typesafe.akka\akka-slf4j_2.11\jars\akka-slf4j_2.11-2.3.9.jar;C:\Users\peter\.ivy2\cache\commons-codec\commons-codec\jars\commons-codec-1.9.jar;C:\Users\peter\.ivy2\cache\xerces\xercesImpl\jars\xercesImpl-2.11.0.jar;C:\Users\peter\.ivy2\cache\xml-apis\xml-apis\jars\xml-apis-1.4.01.jar;C:\Users\peter\.ivy2\cache\javax.transaction\jta\jars\jta-1.1.jar;C:\Users\peter\.ivy2\cache\com.typesafe.play\play-ws_2.11\jars\play-ws_2.11-2.3.8.jar;C:\Users\peter\.ivy2\cache\com.google.guava\guava\bundles\guava-16.0.1.jar;C:\Users\peter\.ivy2\cache\com.ning\async-http-client\jars\async-http-client-1.8.15.jar;C:\Users\peter\.ivy2\cache\oauth.signpost\signpost-core\jars\signpost-core-1.2.1.2.jar;C:\Users\peter\.ivy2\cache\oauth.signpost\signpost-commonshttp4\jars\signpost-commonshttp4-1.2.1.2.jar;C:\dev\activator-1.3.2\repository\org.webjars\bootstrap\3.0.0\jars\bootstrap.jar;C:\dev\activator-1.3.2\repository\org.webjars\jquery\1.9.0\jars\jquery.jar;C:\dev\activator-1.3.2\repository\org.webjars\flot\0.8.0\jars\flot.jar;C:\dev\activator-1.3.2\repository\org.webjars\jquery-colorhelpers\1.1\jars\jquery-colorhelpers.jar;C:\dev\activator-1.3.2\repository\org.webjars\explorercanvas\r3\jars\explorercanvas.jar;C:\dev\activator-1.3.2\repository\com.typesafe.play\play-test_2.11\2.3.8\jars\play-test_2.11.jar;C:\dev\activator-1.3.2\repository\junit\junit\4.11\jars\junit.jar;C:\dev\activator-1.3.2\repository\org.hamcrest\hamcrest-core\1.3\jars\hamcrest-core.jar;C:\dev\activator-1.3.2\repository\org.specs2\specs2-core_2.11\2.3.12\jars\specs2-core_2.11.jar;C:\dev\activator-1.3.2\repository\org.specs2\specs2-matcher_2.11\2.3.12\jars\specs2-matcher_2.11.jar;C:\dev\activator-1.3.2\repository\org.specs2\specs2-common_2.11\2.3.12\jars\specs2-common_2.11.jar;C:\dev\activator-1.3.2\repository\org.scalaz\scalaz-core_2.11\7.0.6\bundles\scalaz-core_2.11.jar;C:\dev\activator-1.3.2\repository\org.scalaz\scalaz-concurrent_2.11\7.0.6\bundles\scalaz-concurrent_2.11.jar;C:\dev\activator-1.3.2\repository\org.scalaz\scalaz-effect_2.11\7.0.6\bundles\scalaz-effect_2.11.jar;C:\dev\activator-1.3.2\repository\org.specs2\specs2-junit_2.11\2.3.12\jars\specs2-junit_2.11.jar;C:\dev\activator-1.3.2\repository\org.specs2\specs2-mock_2.11\2.3.12\jars\specs2-mock_2.11.jar;C:\dev\activator-1.3.2\repository\org.mockito\mockito-core\1.9.5\jars\mockito-core.jar;C:\dev\activator-1.3.2\repository\org.objenesis\objenesis\1.0\jars\objenesis.jar;C:\dev\activator-1.3.2\repository\org.specs2\specs2-matcher-extra_2.11\2.3.12\jars\specs2-matcher-extra_2.11.jar;C:\dev\activator-1.3.2\repository\org.specs2\specs2-analysis_2.11\2.3.12\jars\specs2-analysis_2.11.jar;C:\dev\activator-1.3.2\repository\org.scala-lang\scala-compiler\2.11.0\jars\scala-compiler.jar;C:\dev\activator-1.3.2\repository\org.specs2\classycle\1.4.3\jars\classycle.jar;C:\dev\activator-1.3.2\repository\com.novocode\junit-interface\0.11-RC1\jars\junit-interface.jar;C:\Users\peter\.ivy2\cache\org.scala-sbt\test-interface\jars\test-interface-1.0.jar;C:\dev\activator-1.3.2\repository\com.google.code.findbugs\jsr305\2.0.3\jars\jsr305.jar;C:\dev\activator-1.3.2\repository\org.fluentlenium\fluentlenium-festassert\0.9.2\jars\fluentlenium-festassert.jar;C:\dev\activator-1.3.2\repository\org.fluentlenium\fluentlenium-core\0.9.2\jars\fluentlenium-core.jar;C:\dev\activator-1.3.2\repository\org.seleniumhq.selenium\selenium-java\2.39.0\jars\selenium-java.jar;C:\dev\activator-1.3.2\repository\org.seleniumhq.selenium\selenium-android-driver\2.39.0\jars\selenium-android-driver.jar;C:\dev\activator-1.3.2\repository\org.seleniumhq.selenium\selenium-remote-driver\2.39.0\jars\selenium-remote-driver.jar;C:\dev\activator-1.3.2\repository\cglib\cglib-nodep\2.1_3\jars\cglib-nodep.jar;C:\dev\activator-1.3.2\repository\org.json\json\20080701\jars\json.jar;C:\dev\activator-1.3.2\repository\org.seleniumhq.selenium\selenium-api\2.39.0\jars\selenium-api.jar;C:\dev\activator-1.3.2\repository\org.apache.httpcomponents\httpclient\4.3.1\jars\httpclient.jar;C:\dev\activator-1.3.2\repository\org.apache.httpcomponents\httpcore\4.3\jars\httpcore.jar;C:\dev\activator-1.3.2\repository\commons-logging\commons-logging\1.1.3\jars\commons-logging.jar;C:\dev\activator-1.3.2\repository\org.apache.commons\commons-exec\1.1\jars\commons-exec.jar;C:\dev\activator-1.3.2\repository\net.java.dev.jna\jna\3.4.0\jars\jna.jar;C:\dev\activator-1.3.2\repository\net.java.dev.jna\platform\3.4.0\jars\platform.jar;C:\dev\activator-1.3.2\repository\org.seleniumhq.selenium\selenium-chrome-driver\2.39.0\jars\selenium-chrome-driver.jar;C:\dev\activator-1.3.2\repository\org.seleniumhq.selenium\selenium-htmlunit-driver\2.39.0\jars\selenium-htmlunit-driver.jar;C:\dev\activator-1.3.2\repository\net.sourceforge.htmlunit\htmlunit\2.13\jars\htmlunit.jar;C:\dev\activator-1.3.2\repository\xalan\xalan\2.7.1\jars\xalan.jar;C:\dev\activator-1.3.2\repository\xalan\serializer\2.7.1\jars\serializer.jar;C:\dev\activator-1.3.2\repository\commons-collections\commons-collections\3.2.1\jars\commons-collections.jar;C:\dev\activator-1.3.2\repository\org.apache.httpcomponents\httpmime\4.3.1\jars\httpmime.jar;C:\dev\activator-1.3.2\repository\net.sourceforge.htmlunit\htmlunit-core-js\2.13\jars\htmlunit-core-js.jar;C:\dev\activator-1.3.2\repository\net.sourceforge.nekohtml\nekohtml\1.9.19\jars\nekohtml.jar;C:\dev\activator-1.3.2\repository\net.sourceforge.cssparser\cssparser\0.9.11\jars\cssparser.jar;C:\dev\activator-1.3.2\repository\org.w3c.css\sac\1.3\jars\sac.jar;C:\dev\activator-1.3.2\repository\commons-io\commons-io\2.2\jars\commons-io.jar;C:\dev\activator-1.3.2\repository\org.eclipse.jetty\jetty-websocket\8.1.12.v20130726\jars\jetty-websocket.jar;C:\dev\activator-1.3.2\repository\org.eclipse.jetty\jetty-util\8.1.12.v20130726\jars\jetty-util.jar;C:\dev\activator-1.3.2\repository\org.eclipse.jetty\jetty-io\8.1.12.v20130726\jars\jetty-io.jar;C:\dev\activator-1.3.2\repository\org.eclipse.jetty\jetty-http\8.1.12.v20130726\jars\jetty-http.jar;C:\dev\activator-1.3.2\repository\org.seleniumhq.selenium\selenium-firefox-driver\2.39.0\jars\selenium-firefox-driver.jar;C:\dev\activator-1.3.2\repository\org.seleniumhq.selenium\selenium-ie-driver\2.39.0\jars\selenium-ie-driver.jar;C:\dev\activator-1.3.2\repository\org.seleniumhq.selenium\selenium-iphone-driver\2.39.0\jars\selenium-iphone-driver.jar;C:\dev\activator-1.3.2\repository\org.seleniumhq.selenium\selenium-safari-driver\2.39.0\jars\selenium-safari-driver.jar;C:\dev\activator-1.3.2\repository\org.webbitserver\webbit\0.4.14\jars\webbit.jar;C:\dev\activator-1.3.2\repository\org.seleniumhq.selenium\selenium-support\2.39.0\jars\selenium-support.jar;C:\dev\activator-1.3.2\repository\org.easytesting\fest-assert\1.4\jars\fest-assert.jar;C:\dev\activator-1.3.2\repository\org.easytesting\fest-util\1.1.6\jars\fest-util.jar;C:\dev\activator-1.3.2\repository\com.typesafe.akka\akka-testkit_2.11\2.3.9\jars\akka-testkit_2.11.jar
Scala compilation took 9.054113983 s
Invalidating C:\Users\peter\market-trader\test\controllers\TradeControllerSpec.scala...
Invalidating (transitively) by inheritance from C:\Users\peter\market-trader\test\controllers\TradeControllerSpec.scala...
Initial set of included nodes: Set(C:\Users\peter\market-trader\test\controllers\TradeControllerSpec.scala)
Invalidated by transitive inheritance dependency: Set(C:\Users\peter\market-trader\test\controllers\TradeControllerSpec.scala)
The C:\Users\peter\market-trader\test\controllers\TradeControllerSpec.scala source file has the following implicit definitions changed:
	seqToResult, TupleMatcher8, implicitParam9, describeExpectation, asResult, toNotStringMatcher, fragmentsFragmentAndFormattingFragment, dataTableFragments, implicitParam4, doAfter, fragmentIsSpecPart, akaShould, thisBlock, matchFragments, resultExample, ContainSeqMatcherFunction, specificationStructureToFragments, resultFunction, matcherSeqIsContainCheckSeq, functionToMatcher, TupleMatcher11, implicitsAreAllowed, stringToHtmlLinkFragments, TupleMatcher3, TupleMatcher14, EitherResultMatcher, matchExample, akaMust, implicitParam1, fragmentsFragmentToFragments, AdaptFunction, toExceptionMatcher, functionAndMessagesToMatcher, argumentsFragment, toNeutralMatcherNumeric, TupleMatcher10, scalaArrayIsSized, anyBeHaveMatcher, toMapValueResultMatcher, stringToHtmlLinkFragments2, functionToMatcher2, fragmentTaggedAs, TupleMatcher21, booleanFragmentsFragment, fragments, toNeutralMatcherOrdered, resultFragments, fragmentAndFormattingFragment, implicitParam8, textAndFormattingFragment, InvariantMatcherFunction, stringMatcherIsTraversableMatcher, pairFunctionToMatcher, booleanFragments, theValue, anyToArgProperty, identifySpecificationStructure, combineBoolean, TupleMatcher6, TupleMatcher15, functionIsValueCheck, MatcherFunction, stringMatcher, fragmentFragments, TupleMatcher7, implicitParam3, FutureMatchable, toMapKeyResultMatcher, timesFor, toStringResultMatcher, tripletFunctionToMatcher, described, concurrentToSpecs2, partialfunctionIsValueCheck, toTryResultMatcher, fixtureFunctionToResult, text, ToFormattingTagParameter, downcastBeEqualTypedValueCheck, describe, stringMatcherFunctionToBynameMatcherFunction, specStructureIsSpecPart, aBooleanExample, TupleMatcher20, doBefore, implicitParam7, longAsTime, implicitParam, debug, anyAsResultIsSpecPart, TupleMatcher22, futureAsResult, functionAndKoMessageToMatcher, matcherIsValueCheck, TupleMatcher5, TupleMatcher16, textFragment, booleanExample, aMatchResultExample, specIdentificationMarkdownLink, intToRichLong, toAnyMatcherResult, implicitParam2, theBlock, skippedResult, matchFragmentsFragment, pendingResult, fragmentsFragments, textStart, implicitParam10, toOrderedResultMatcher, combineMatchResult, implicitParam6, ***If you see this message this means that you've forgotten an operator after the description string: you should write "example" >> result ***, checkableSeqIsContainCheckSeq, scalaTraversableIsSized, toAnyRefMatcherResult, ToDelta, toPendingUntilFixed, toMapResultMatcher, TupleMatcher12, postfixOpsAreAllowed, include, TupleMatcher19, matchResultFunctionToMatcher, fragmentsTaggedAs, fragmentsAndFormattingFragment, lazyParameter, TupleMatcher17, orderedSeqMatchResult, stringIsSpecPart, specificationInStringContext, TupleMatcher18, anyWithEmpty, traversable, toNeutralStringMatcher, forExample, outsideFunctionToResult, TupleMatcher4, title, TupleMatcher9, toBeLikeResultMatcher, asResultIsSpecPart, thisValue, aResultExample, combineResult, toNumericResultMatcher, aDataTableExample, toResult, concurrentExecutionContext, exampleIsSpecPart, fromMatchResult, canBeEqual, sized, argumentsIsSpecPart, dataTableExample, doAround, fragmentsFragmentIsSpecPart, toPartialFunctionResultMatcher, markdownLinkIsSpecPart, javaCollectionIsSized, fragmentsIsSpecPart, TupleMatcher13, inExample, toOptionResultMatcher, stringIsSized, implicitParam5, toClassMatcherResult, TupleMatcher2, exampleFactory, matcherContainResult.
All member reference dependencies will be considered within this context.
Invalidating C:\Users\peter\market-trader\test\actors\TradeActorSpec.scala...
Invalidating (transitively) by inheritance from C:\Users\peter\market-trader\test\actors\TradeActorSpec.scala...
Initial set of included nodes: Set(C:\Users\peter\market-trader\test\actors\TradeActorSpec.scala)
Invalidated by transitive inheritance dependency: Set(C:\Users\peter\market-trader\test\actors\TradeActorSpec.scala)
The C:\Users\peter\market-trader\test\actors\TradeActorSpec.scala source file has the following implicit definitions changed:
	seqToResult, TupleMatcher8, implicitParam9, describeExpectation, asResult, toNotStringMatcher, fragmentsFragmentAndFormattingFragment, dataTableFragments, implicitParam4, doAfter, fragmentIsSpecPart, akaShould, thisBlock, matchFragments, resultExample, ContainSeqMatcherFunction, specificationStructureToFragments, resultFunction, matcherSeqIsContainCheckSeq, functionToMatcher, TupleMatcher11, implicitsAreAllowed, stringToHtmlLinkFragments, TupleMatcher3, TupleMatcher14, EitherResultMatcher, matchExample, akaMust, implicitParam1, fragmentsFragmentToFragments, AdaptFunction, system, toExceptionMatcher, functionAndMessagesToMatcher, argumentsFragment, toNeutralMatcherNumeric, TupleMatcher10, scalaArrayIsSized, anyBeHaveMatcher, toMapValueResultMatcher, stringToHtmlLinkFragments2, functionToMatcher2, fragmentTaggedAs, TupleMatcher21, booleanFragmentsFragment, fragments, toNeutralMatcherOrdered, resultFragments, fragmentAndFormattingFragment, implicitParam8, textAndFormattingFragment, InvariantMatcherFunction, context, stringMatcherIsTraversableMatcher, pairFunctionToMatcher, booleanFragments, theValue, anyToArgProperty, identifySpecificationStructure, combineBoolean, TupleMatcher6, TupleMatcher15, functionIsValueCheck, MatcherFunction, stringMatcher, fragmentFragments, TupleMatcher7, implicitParam3, self, FutureMatchable, toMapKeyResultMatcher, timesFor, toStringResultMatcher, tripletFunctionToMatcher, described, concurrentToSpecs2, partialfunctionIsValueCheck, toTryResultMatcher, fixtureFunctionToResult, text, ToFormattingTagParameter, downcastBeEqualTypedValueCheck, describe, stringMatcherFunctionToBynameMatcherFunction, specStructureIsSpecPart, aBooleanExample, TupleMatcher20, doBefore, implicitParam7, longAsTime, implicitParam, debug, anyAsResultIsSpecPart, TupleMatcher22, futureAsResult, functionAndKoMessageToMatcher, matcherIsValueCheck, TupleMatcher5, TupleMatcher16, textFragment, booleanExample, aMatchResultExample, specIdentificationMarkdownLink, toAnyMatcherResult, implicitParam2, theBlock, skippedResult, matchFragmentsFragment, pendingResult, fragmentsFragments, textStart, implicitParam10, toOrderedResultMatcher, combineMatchResult, implicitParam6, ***If you see this message this means that you've forgotten an operator after the description string: you should write "example" >> result ***, checkableSeqIsContainCheckSeq, scalaTraversableIsSized, toAnyRefMatcherResult, ToDelta, toPendingUntilFixed, toMapResultMatcher, TupleMatcher12, postfixOpsAreAllowed, include, TupleMatcher19, matchResultFunctionToMatcher, fragmentsTaggedAs, fragmentsAndFormattingFragment, lazyParameter, TupleMatcher17, orderedSeqMatchResult, stringIsSpecPart, specificationInStringContext, TupleMatcher18, anyWithEmpty, traversable, toNeutralStringMatcher, forExample, outsideFunctionToResult, TupleMatcher4, title, TupleMatcher9, toBeLikeResultMatcher, asResultIsSpecPart, thisValue, aResultExample, combineResult, toNumericResultMatcher, aDataTableExample, toResult, concurrentExecutionContext, exampleIsSpecPart, fromMatchResult, canBeEqual, sized, argumentsIsSpecPart, dataTableExample, doAround, fragmentsFragmentIsSpecPart, toPartialFunctionResultMatcher, markdownLinkIsSpecPart, javaCollectionIsSized, fragmentsIsSpecPart, TupleMatcher13, inExample, toOptionResultMatcher, stringIsSized, implicitParam5, toClassMatcherResult, TupleMatcher2, exampleFactory, matcherContainResult.
All member reference dependencies will be considered within this context.
Invalidating C:\Users\peter\market-trader\test\actors\StubOut.scala...
Invalidating (transitively) by inheritance from C:\Users\peter\market-trader\test\actors\StubOut.scala...
Initial set of included nodes: Set(C:\Users\peter\market-trader\test\actors\StubOut.scala)
Invalidated by transitive inheritance dependency: Set(C:\Users\peter\market-trader\test\actors\StubOut.scala)
The C:\Users\peter\market-trader\test\actors\StubOut.scala source file has the following regular definitions changed:
	notify, wait, $asInstanceOf, equals, asInstanceOf, synchronized, $isInstanceOf, notifyAll, isInstanceOf, <init>, ==, clone, toString, !=, getClass, close, actual, ne, StubOut, eq, write, ##, finalize, hashCode.
All member reference dependencies will be considered within this context.
The following modified names cause invalidation of C:\Users\peter\market-trader\test\actors\TrendActorSpec.scala: Set(<init>, toString, actual, StubOut)
Invalidating C:\Users\peter\market-trader\test\actors\TestkitExample.scala...
Invalidating (transitively) by inheritance from C:\Users\peter\market-trader\test\actors\TestkitExample.scala...
Initial set of included nodes: Set(C:\Users\peter\market-trader\test\actors\TestkitExample.scala)
Including C:\Users\peter\market-trader\test\actors\TradeActorSpec.scala by C:\Users\peter\market-trader\test\actors\TestkitExample.scala
Including C:\Users\peter\market-trader\test\actors\TrendActorSpec.scala by C:\Users\peter\market-trader\test\actors\TestkitExample.scala
Invalidated by transitive inheritance dependency: Set(C:\Users\peter\market-trader\test\actors\TradeActorSpec.scala, C:\Users\peter\market-trader\test\actors\TrendActorSpec.scala, C:\Users\peter\market-trader\test\actors\TestkitExample.scala)
The C:\Users\peter\market-trader\test\actors\TestkitExample.scala source file has the following implicit definitions changed:
	self, system.
All member reference dependencies will be considered within this context.
The following member ref dependencies of C:\Users\peter\market-trader\test\actors\TestkitExample.scala are invalidated:
	C:\Users\peter\market-trader\test\actors\TradeActorSpec.scala
	C:\Users\peter\market-trader\test\actors\TrendActorSpec.scala
Invalidating C:\Users\peter\market-trader\test\controllers\TrendControllerTest.scala...
Invalidating (transitively) by inheritance from C:\Users\peter\market-trader\test\controllers\TrendControllerTest.scala...
Initial set of included nodes: Set(C:\Users\peter\market-trader\test\controllers\TrendControllerTest.scala)
Invalidated by transitive inheritance dependency: Set(C:\Users\peter\market-trader\test\controllers\TrendControllerTest.scala)
The C:\Users\peter\market-trader\test\controllers\TrendControllerTest.scala source file has the following regular definitions changed:
	notify, wait, $asInstanceOf, equals, asInstanceOf, TrendControllerTest, synchronized, $isInstanceOf, notifyAll, isInstanceOf, <init>, ==, clone, toString, !=, getClass, ne, eq, ##, finalize, hashCode.
All member reference dependencies will be considered within this context.
Invalidating C:\Users\peter\market-trader\test\actors\ProbeWrapper.scala...
Invalidating (transitively) by inheritance from C:\Users\peter\market-trader\test\actors\ProbeWrapper.scala...
Initial set of included nodes: Set(C:\Users\peter\market-trader\test\actors\ProbeWrapper.scala)
Invalidated by transitive inheritance dependency: Set(C:\Users\peter\market-trader\test\actors\ProbeWrapper.scala)
The C:\Users\peter\market-trader\test\actors\ProbeWrapper.scala source file has the following implicit definitions changed:
	self, context.
All member reference dependencies will be considered within this context.
The following member ref dependencies of C:\Users\peter\market-trader\test\actors\ProbeWrapper.scala are invalidated:
	C:\Users\peter\market-trader\test\actors\TradeActorSpec.scala
Invalidating C:\Users\peter\market-trader\test\actors\TrendActorSpec.scala...
Invalidating (transitively) by inheritance from C:\Users\peter\market-trader\test\actors\TrendActorSpec.scala...
Initial set of included nodes: Set(C:\Users\peter\market-trader\test\actors\TrendActorSpec.scala)
Invalidated by transitive inheritance dependency: Set(C:\Users\peter\market-trader\test\actors\TrendActorSpec.scala)
The C:\Users\peter\market-trader\test\actors\TrendActorSpec.scala source file has the following implicit definitions changed:
	seqToResult, TupleMatcher8, anyToJSonValueSpec, implicitParam9, describeExpectation, asResult, toNotStringMatcher, fragmentsFragmentAndFormattingFragment, dataTableFragments, implicitParam4, doAfter, fragmentIsSpecPart, akaShould, thisBlock, matchFragments, resultExample, ContainSeqMatcherFunction, specificationStructureToFragments, resultFunction, matcherSeqIsContainCheckSeq, functionToMatcher, TupleMatcher11, implicitsAreAllowed, stringToHtmlLinkFragments, TupleMatcher3, TupleMatcher14, EitherResultMatcher, matchExample, akaMust, implicitParam1, fragmentsFragmentToFragments, toNotMatcherJson, AdaptFunction, system, toExceptionMatcher, functionAndMessagesToMatcher, argumentsFragment, toNeutralMatcherNumeric, TupleMatcher10, scalaArrayIsSized, anyBeHaveMatcher, toMapValueResultMatcher, stringToHtmlLinkFragments2, functionToMatcher2, fragmentTaggedAs, TupleMatcher21, booleanFragmentsFragment, fragments, toNeutralMatcherOrdered, resultFragments, fragmentAndFormattingFragment, implicitParam8, textAndFormattingFragment, InvariantMatcherFunction, stringMatcherIsTraversableMatcher, pairFunctionToMatcher, toJsonRegex, booleanFragments, theValue, anyToArgProperty, toJsonValue, identifySpecificationStructure, combineBoolean, TupleMatcher6, TupleMatcher15, functionIsValueCheck, MatcherFunction, stringMatcher, fragmentFragments, TupleMatcher7, implicitParam3, self, FutureMatchable, toMapKeyResultMatcher, timesFor, toStringResultMatcher, tripletFunctionToMatcher, described, concurrentToSpecs2, partialfunctionIsValueCheck, toTryResultMatcher, fixtureFunctionToResult, toJsonPairSpec, text, ToFormattingTagParameter, downcastBeEqualTypedValueCheck, describe, stringMatcherFunctionToBynameMatcherFunction, specStructureIsSpecPart, aBooleanExample, TupleMatcher20, doBefore, implicitParam7, longAsTime, implicitParam, debug, anyAsResultIsSpecPart, TupleMatcher22, futureAsResult, functionAndKoMessageToMatcher, matcherIsValueCheck, TupleMatcher5, TupleMatcher16, textFragment, booleanExample, aMatchResultExample, specIdentificationMarkdownLink, toAnyMatcherResult, implicitParam2, theBlock, skippedResult, matchFragmentsFragment, pendingResult, regexToJSonValueSpec, fragmentsFragments, textStart, implicitParam10, toOrderedResultMatcher, combineMatchResult, implicitParam6, ***If you see this message this means that you've forgotten an operator after the description string: you should write "example" >> result ***, checkableSeqIsContainCheckSeq, scalaTraversableIsSized, toAnyRefMatcherResult, ToDelta, toPendingUntilFixed, toMapResultMatcher, TupleMatcher12, postfixOpsAreAllowed, include, TupleMatcher19, matchResultFunctionToMatcher, fragmentsTaggedAs, fragmentsAndFormattingFragment, lazyParameter, stringMatcherToJSonValueSpec, TupleMatcher17, orderedSeqMatchResult, stringIsSpecPart, specificationInStringContext, TupleMatcher18, anyWithEmpty, traversable, toNeutralStringMatcher, forExample, outsideFunctionToResult, TupleMatcher4, title, TupleMatcher9, toBeLikeResultMatcher, asResultIsSpecPart, thisValue, aResultExample, combineResult, toNumericResultMatcher, aDataTableExample, toResult, concurrentExecutionContext, exampleIsSpecPart, fromMatchResult, canBeEqual, sized, argumentsIsSpecPart, dataTableExample, doAround, fragmentsFragmentIsSpecPart, toPartialFunctionResultMatcher, markdownLinkIsSpecPart, javaCollectionIsSized, toJsonStringMatcher, fragmentsIsSpecPart, TupleMatcher13, inExample, toOptionResultMatcher, stringIsSized, implicitParam5, toClassMatcherResult, TupleMatcher2, exampleFactory, matcherContainResult.
All member reference dependencies will be considered within this context.
New invalidations:
	Set()
Initial set of included nodes: Set()
Previously invalidated, but (transitively) depend on new invalidations:
	Set()
All newly invalidated sources after taking into account (previously) recompiled sources:Set()
Copy resource mappings: 
	
Framework implementation 'org.scalacheck.ScalaCheckFramework' not present.
Framework implementation 'org.specs.runner.SpecsFramework' not present.
Framework implementation 'org.scalatest.tools.Framework' not present.
Framework implementation 'org.scalatest.tools.ScalaTestFramework' not present.
Subclass fingerprints: List((junit.framework.TestCase,false,com.novocode.junit.JUnit3Fingerprint@5905b5bd), (org.specs2.specification.SpecificationStructure,true,specs2 Specification fingerprint), (org.specs2.specification.SpecificationStructure,false,specs2 Specification fingerprint), (org.specs2.runner.FilesRunner,true,specs2 Specification files fingerprint), (org.specs2.runner.FilesRunner,false,specs2 Specification files fingerprint))
Annotation fingerprints: List((org.junit.runner.RunWith,false,com.novocode.junit.RunWithFingerprint@6b24f1d6), (org.junit.Test,false,com.novocode.junit.JUnitFingerprint@46814f8e))
Forking tests - parallelism = false
Create a single-thread test executor
Runner for com.novocode.junit.JUnitFramework produced 0 initial tasks for 0 tests.
Runner for org.specs2.runner.Specs2Framework produced 3 initial tasks for 3 tests.
  Running TaskDef(controllers.TrendControllerSpec, sbt.ForkMain$SubclassFingerscan@51e7c4d4, false, [SuiteSelector])
[info] a.e.s.Slf4jLogger - Slf4jLogger started
[debug] application - consuming trade...
[info] play - Starting application default Akka system.
[DEBUG] [03/23/2015 22:01:14.837] [play-akka.actor.default-dispatcher-3] [EventStream(akka://application)] logger log1-Logging$DefaultLogger started
[DEBUG] [03/23/2015 22:01:14.837] [play-akka.actor.default-dispatcher-3] [EventStream(akka://application)] Default Loggers started
[DEBUG] [03/23/2015 22:01:14.838] [application-akka.actor.default-dispatcher-2] [akka://application/system] now supervising Actor[akka://application/system/deadLetterListener#547518685]
[DEBUG] [03/23/2015 22:01:14.838] [application-akka.actor.default-dispatcher-4] [akka://application/system/deadLetterListener] started (akka.event.DeadLetterListener@23309add)
[DEBUG] [03/23/2015 22:01:14.841] [application-akka.actor.default-dispatcher-4] [akka://application/user] now supervising Actor[akka://application/user/$a#-1829344033]
[DEBUG] [03/23/2015 22:01:14.842] [application-akka.actor.default-dispatcher-2] [akka://application/user/$a] started (actors.TradeActor@3ac80ce7)
[INFO] [03/23/2015 22:01:14.843] [application-akka.actor.default-dispatcher-2] [akka://application/user/$a] received trade info: from -> EUR, to -> GBP, rate -> 0.7471
[info] play - Shutdown application default Akka system.
[DEBUG] [03/23/2015 22:01:14.881] [application-akka.actor.default-dispatcher-4] [akka://application/user] stopping
[DEBUG] [03/23/2015 22:01:14.881] [application-akka.actor.default-dispatcher-2] [akka://application/user/$a] stopped
[DEBUG] [03/23/2015 22:01:14.883] [application-akka.actor.default-dispatcher-3] [akka://application/user] stopped
[DEBUG] [03/23/2015 22:01:14.885] [application-akka.actor.default-dispatcher-2] [akka://application/system] received AutoReceiveMessage Envelope(Terminated(Actor[akka://application/user]),Actor[akka://application/user])
[DEBUG] [03/23/2015 22:01:14.886] [application-akka.actor.default-dispatcher-2] [EventStream] shutting down: StandardOutLogger started
Read from stdout: TrendControllerSpec
Read from stdout: 
Read from stdout: TradeController  should
TrendControllerSpec

TradeController  should
Read from stdout: + submit a new trade to the consumer endpoint, /consumeTrade
Read from stdout: 
Read from stdout: Total for specification TrendControllerSpec
+ submit a new trade to the consumer endpoint, /consumeTrade

Total for specification TrendControllerSpec
Read from stdout: Finished in 1 second, 382 ms
Read from stdout: 1 example, 0 failure, 0 error
Finished in 1 second, 382 ms
1 example, 0 failure, 0 error
    Produced 0 nested tasks and 1 events.
[DEBUG] [03/23/2015 22:01:15.219] [pool-1-thread-1] [EventStream(akka://default)] logger log1-Logging$DefaultLogger started
[DEBUG] [03/23/2015 22:01:15.219] [pool-1-thread-1] [EventStream(akka://default)] Default Loggers started
[DEBUG] [03/23/2015 22:01:15.220] [default-akka.actor.default-dispatcher-5] [akka://default/system] now supervising Actor[akka://default/system/deadLetterListener#898564822]
[DEBUG] [03/23/2015 22:01:15.220] [default-akka.actor.default-dispatcher-5] [akka://default/system/deadLetterListener] started (akka.event.DeadLetterListener@55f95386)
[DEBUG] [03/23/2015 22:01:15.244] [default-akka.actor.default-dispatcher-2] [akka://default/system/testActor1] started (akka.testkit.TestActor@5c3d109d)
[DEBUG] [03/23/2015 22:01:15.245] [default-akka.actor.default-dispatcher-2] [akka://default/system] now supervising Actor[akka://default/system/testActor1#-2059639953]
  Running TaskDef(actors.TrendActorSpec, sbt.ForkMain$SubclassFingerscan@138585f7, false, [SuiteSelector])
[DEBUG] [03/23/2015 22:01:15.349] [default-akka.actor.default-dispatcher-4] [akka://default/user] now supervising TestActor[akka://default/user/$$a]
[DEBUG] [03/23/2015 22:01:15.350] [pool-1-thread-1] [akka://default/user/$$a] started (actors.TrendActor@422442a6)
[info] application - have received a message: class actors.CurrencyTrade
[info] application - have received a CurrencyTrade message
Read from stdout: TrendActorSpec
Read from stdout: 
Read from stdout: TrendActor should
TrendActorSpec

TrendActor should
Read from stdout: + send update to socket when receiving a CurrencyTrace message
Read from stdout: 
Read from stdout: Total for specification TrendActorSpec
+ send update to socket when receiving a CurrencyTrace message

Total for specification TrendActorSpec
Read from stdout: Finished in 165 ms
Read from stdout: 1 example, 0 failure, 0 error
Finished in 165 ms
1 example, 0 failure, 0 error
    Produced 0 nested tasks and 1 events.
  Running TaskDef(actors.TradeActorSpec, sbt.ForkMain$SubclassFingerscan@3eb6814a, false, [SuiteSelector])
[DEBUG] [03/23/2015 22:01:15.504] [pool-1-thread-1] [EventStream(akka://default)] logger log1-Logging$DefaultLogger started
[DEBUG] [03/23/2015 22:01:15.504] [pool-1-thread-1] [EventStream(akka://default)] Default Loggers started
[DEBUG] [03/23/2015 22:01:15.504] [default-akka.actor.default-dispatcher-5] [akka://default/system] now supervising Actor[akka://default/system/deadLetterListener#-446813392]
[DEBUG] [03/23/2015 22:01:15.504] [default-akka.actor.default-dispatcher-3] [akka://default/system/deadLetterListener] started (akka.event.DeadLetterListener@4b4b9070)
[DEBUG] [03/23/2015 22:01:15.505] [default-akka.actor.default-dispatcher-3] [akka://default/system/testActor2] started (akka.testkit.TestActor@4df7cfae)
[DEBUG] [03/23/2015 22:01:15.505] [default-akka.actor.default-dispatcher-3] [akka://default/system] now supervising Actor[akka://default/system/testActor2#326006419]
[DEBUG] [03/23/2015 22:01:15.533] [default-akka.actor.default-dispatcher-2] [akka://default/system/testActor3] started (akka.testkit.TestActor@77b752cf)
[DEBUG] [03/23/2015 22:01:15.533] [default-akka.actor.default-dispatcher-2] [akka://default/system] now supervising Actor[akka://default/system/testActor3#-1434905204]
[DEBUG] [03/23/2015 22:01:15.544] [default-akka.actor.default-dispatcher-3] [akka://default/user] now supervising Actor[akka://default/user/$a#1517100948]
[DEBUG] [03/23/2015 22:01:15.544] [default-akka.actor.default-dispatcher-2] [akka://default/user/$a] started (actors.TradeActorSpec$TradeActorWithWatcher@58b762d5)
[DEBUG] [03/23/2015 22:01:15.544] [default-akka.actor.default-dispatcher-3] [akka://default/user] now supervising Actor[akka://default/user/$b#-334693643]
[INFO] [03/23/2015 22:01:15.544] [default-akka.actor.default-dispatcher-5] [akka://default/user/$a] received trade info: from -> EUR, to -> GBP, rate -> 1234.0
[DEBUG] [03/23/2015 22:01:15.545] [default-akka.actor.default-dispatcher-2] [akka://default/user/$b] started (actors.ProbeWrapper@2b3081c1)
Read from stdout: TradeActorSpec
Read from stdout: 
Read from stdout: A TradeActor should
TradeActorSpec

A TradeActor should
Read from stdout: + notify watchers when a new trade is received
Read from stdout: 
Read from stdout: Total for specification TradeActorSpec
+ notify watchers when a new trade is received

Total for specification TradeActorSpec
Read from stdout: Finished in 22 ms
Read from stdout: 1 example, 0 failure, 0 error
Finished in 22 ms
1 example, 0 failure, 0 error
    Produced 0 nested tasks and 1 events.
Summary for JUnit not available.
Summary for specs2 not available.
Read from stdout: Passed: Total 3, Failed 0, Errors 0, Passed 3
Passed: Total 3, Failed 0, Errors 0, Passed 3
Passed tests:
	actors.TradeActorSpec
	actors.TrendActorSpec
	controllers.TrendControllerSpec
Total time: 14 s, completed 23-Mar-2015 22:01:15
> server-post-command-cleanup
> server-handle-next-server-request
> backgroundRun
Evaluating tasks: compile:backgroundRun
Running task... Cancel: sbt.server.ServerTaskCancellation@13fabd93, check cycles: false
Total time: 0 s, completed 23-Mar-2015 22:01:23
> server-post-command-cleanup
> server-handle-next-server-request
> {file:/C:/Users/peter/market-trader/}root/*:playForkConfig
Evaluating tasks: *:playForkConfig
Running task... Cancel: sbt.server.ServerTaskCancellation@191000b8, check cycles: false
Total time: 0 s, completed 23-Mar-2015 22:01:30
> server-post-command-cleanup
> server-handle-next-server-request
> root/playForkNotifyStart http://localhost:9000
Evaluating tasks: *:playForkNotifyStart
Running task... Cancel: sbt.server.ServerTaskCancellation@716d897, check cycles: false
Total time: 0 s, completed 23-Mar-2015 22:01:31
> server-post-command-cleanup
> server-handle-next-server-request
> {file:/C:/Users/peter/market-trader/}root/*:playForkReload
Evaluating tasks: *:playForkReload
Running task... Cancel: sbt.server.ServerTaskCancellation@15ab85cb, check cycles: false

Initial source changes: 
	removed:Set()
	added: Set()
	modified: Set()
Removed products: Set()
External API changes: API Changes: Set()
Modified binary dependencies: Set()
Initial directly invalidated sources: Set()

Sources indirectly invalidated by:
	product: Set()
	binary dep: Set()
	external source: Set()
All initially invalidated sources: Set()

Copy resource mappings: 
	(C:\Users\peter\market-trader\conf\application.conf,C:\Users\peter\market-trader\target\scala-2.11\classes\application.conf)
	(C:\Users\peter\market-trader\conf\routes,C:\Users\peter\market-trader\target\scala-2.11\classes\routes)
Total time: 2 s, completed 23-Mar-2015 22:01:39
> server-post-command-cleanup
> server-handle-next-server-request
> jobStop 1
Evaluating tasks: *:jobStop
Running task... Cancel: sbt.server.ServerTaskCancellation@18ea6a06, check cycles: false
Total time: 0 s, completed 23-Mar-2015 22:02:26
> server-post-command-cleanup
> server-handle-next-server-request
